# JRE version: Java(TM) SE Runtime Environment (23.0.1+11) (build 23.0.1+11-39)
# Java VM: Java HotSpot(TM) 64-Bit Server VM (23.0.1+11-39, mixed mode, sharing, tiered, compressed oops, compressed class ptrs, g1 gc, windows-amd64)
GC Precious Log:
 CardTable entry size: 512
 Card Set container configuration: InlinePtr #cards 5 size 8 Array Of Cards #cards 10 size 36 Howl #buckets 4 coarsen threshold 1843 Howl Bitmap #cards 512 size 80 coarsen threshold 460 Card regions per heap region 1 cards per card region 2048
 CPUs: 8 total, 8 available
 Memory: 7413M
 Large Page Support: Disabled
 NUMA Support: Disabled
 Compressed Oops: Enabled (32-bit)
 Heap Region Size: 1M
 Heap Min Capacity: 8M
 Heap Initial Capacity: 116M
 Heap Max Capacity: 1854M
 Pre-touch: Disabled
 Parallel Workers: 8
 Concurrent Workers: 2
 Concurrent Refinement Workers: 8
 Periodic GC: Disabled
Heap:
 garbage-first heap   total reserved 1898496K, committed 60416K, used 46499K [0x000000008c200000, 0x0000000100000000)
  region size 1024K, 15 young (15360K), 3 survivors (3072K)
 Metaspace       used 81093K, committed 81728K, reserved 1179648K
  class space    used 11303K, committed 11584K, reserved 1048576K
GC Heap History (20 events):
Event: 6.348 GC heap before
{Heap before GC invocations=10 (full 0):
 garbage-first heap   total reserved 1898496K, committed 48128K, used 40709K [0x000000008c200000, 0x0000000100000000)
  region size 1024K, 19 young (19456K), 2 survivors (2048K)
 Metaspace       used 44868K, committed 45376K, reserved 1114112K
  class space    used 6186K, committed 6400K, reserved 1048576K
}
Event: 6.351 GC heap after
{Heap after GC invocations=11 (full 0):
 garbage-first heap   total reserved 1898496K, committed 48128K, used 24072K [0x000000008c200000, 0x0000000100000000)
  region size 1024K, 3 young (3072K), 3 survivors (3072K)
 Metaspace       used 44868K, committed 45376K, reserved 1114112K
  class space    used 6186K, committed 6400K, reserved 1048576K
}
Event: 6.900 GC heap before
{Heap before GC invocations=11 (full 0):
 garbage-first heap   total reserved 1898496K, committed 48128K, used 40456K [0x000000008c200000, 0x0000000100000000)
  region size 1024K, 20 young (20480K), 3 survivors (3072K)
 Metaspace       used 49333K, committed 49856K, reserved 1114112K
  class space    used 6764K, committed 6976K, reserved 1048576K
}
Event: 6.903 GC heap after
{Heap after GC invocations=12 (full 0):
 garbage-first heap   total reserved 1898496K, committed 48128K, used 25376K [0x000000008c200000, 0x0000000100000000)
  region size 1024K, 3 young (3072K), 3 survivors (3072K)
 Metaspace       used 49333K, committed 49856K, reserved 1114112K
  class space    used 6764K, committed 6976K, reserved 1048576K
}
Event: 7.316 GC heap before
{Heap before GC invocations=12 (full 0):
 garbage-first heap   total reserved 1898496K, committed 48128K, used 39712K [0x000000008c200000, 0x0000000100000000)
  region size 1024K, 18 young (18432K), 3 survivors (3072K)
 Metaspace       used 53842K, committed 54400K, reserved 1114112K
  class space    used 7461K, committed 7744K, reserved 1048576K
}
Event: 7.321 GC heap after
{Heap after GC invocations=13 (full 0):
 garbage-first heap   total reserved 1898496K, committed 48128K, used 26127K [0x000000008c200000, 0x0000000100000000)
  region size 1024K, 3 young (3072K), 3 survivors (3072K)
 Metaspace       used 53842K, committed 54400K, reserved 1114112K
  class space    used 7461K, committed 7744K, reserved 1048576K
}
Event: 7.727 GC heap before
{Heap before GC invocations=14 (full 0):
 garbage-first heap   total reserved 1898496K, committed 48128K, used 39439K [0x000000008c200000, 0x0000000100000000)
  region size 1024K, 17 young (17408K), 3 survivors (3072K)
 Metaspace       used 57335K, committed 57984K, reserved 1114112K
  class space    used 8077K, committed 8384K, reserved 1048576K
}
Event: 7.730 GC heap after
{Heap after GC invocations=15 (full 0):
 garbage-first heap   total reserved 1898496K, committed 48128K, used 26857K [0x000000008c200000, 0x0000000100000000)
  region size 1024K, 2 young (2048K), 2 survivors (2048K)
 Metaspace       used 57335K, committed 57984K, reserved 1114112K
  class space    used 8077K, committed 8384K, reserved 1048576K
}
Event: 8.143 GC heap before
{Heap before GC invocations=15 (full 0):
 garbage-first heap   total reserved 1898496K, committed 48128K, used 41193K [0x000000008c200000, 0x0000000100000000)
  region size 1024K, 17 young (17408K), 2 survivors (2048K)
 Metaspace       used 60881K, committed 61568K, reserved 1114112K
  class space    used 8566K, committed 8896K, reserved 1048576K
}
Event: 8.147 GC heap after
{Heap after GC invocations=16 (full 0):
 garbage-first heap   total reserved 1898496K, committed 48128K, used 28049K [0x000000008c200000, 0x0000000100000000)
  region size 1024K, 3 young (3072K), 3 survivors (3072K)
 Metaspace       used 60881K, committed 61568K, reserved 1114112K
  class space    used 8566K, committed 8896K, reserved 1048576K
}
Event: 8.514 GC heap before
{Heap before GC invocations=16 (full 0):
 garbage-first heap   total reserved 1898496K, committed 48128K, used 41361K [0x000000008c200000, 0x0000000100000000)
  region size 1024K, 16 young (16384K), 3 survivors (3072K)
 Metaspace       used 63573K, committed 64192K, reserved 1114112K
  class space    used 8991K, committed 9280K, reserved 1048576K
}
Event: 8.518 GC heap after
{Heap after GC invocations=17 (full 0):
 garbage-first heap   total reserved 1898496K, committed 48128K, used 29049K [0x000000008c200000, 0x0000000100000000)
  region size 1024K, 2 young (2048K), 2 survivors (2048K)
 Metaspace       used 63573K, committed 64192K, reserved 1114112K
  class space    used 8991K, committed 9280K, reserved 1048576K
}
Event: 8.948 GC heap before
{Heap before GC invocations=18 (full 0):
 garbage-first heap   total reserved 1898496K, committed 50176K, used 41337K [0x000000008c200000, 0x0000000100000000)
  region size 1024K, 15 young (15360K), 2 survivors (2048K)
 Metaspace       used 66382K, committed 67072K, reserved 1114112K
  class space    used 9405K, committed 9728K, reserved 1048576K
}
Event: 8.951 GC heap after
{Heap after GC invocations=19 (full 0):
 garbage-first heap   total reserved 1898496K, committed 60416K, used 30458K [0x000000008c200000, 0x0000000100000000)
  region size 1024K, 2 young (2048K), 2 survivors (2048K)
 Metaspace       used 66382K, committed 67072K, reserved 1114112K
  class space    used 9405K, committed 9728K, reserved 1048576K
}
Event: 9.521 GC heap before
{Heap before GC invocations=19 (full 0):
 garbage-first heap   total reserved 1898496K, committed 60416K, used 51962K [0x000000008c200000, 0x0000000100000000)
  region size 1024K, 23 young (23552K), 2 survivors (2048K)
 Metaspace       used 69216K, committed 69888K, reserved 1114112K
  class space    used 9762K, committed 10048K, reserved 1048576K
}
Event: 9.526 GC heap after
{Heap after GC invocations=20 (full 0):
 garbage-first heap   total reserved 1898496K, committed 60416K, used 32109K [0x000000008c200000, 0x0000000100000000)
  region size 1024K, 3 young (3072K), 3 survivors (3072K)
 Metaspace       used 69216K, committed 69888K, reserved 1114112K
  class space    used 9762K, committed 10048K, reserved 1048576K
}
Event: 206.657 GC heap before
{Heap before GC invocations=20 (full 0):
 garbage-first heap   total reserved 1898496K, committed 60416K, used 51565K [0x000000008c200000, 0x0000000100000000)
  region size 1024K, 23 young (23552K), 3 survivors (3072K)
 Metaspace       used 74399K, committed 75072K, reserved 1114112K
  class space    used 10419K, committed 10752K, reserved 1048576K
}
Event: 206.666 GC heap after
{Heap after GC invocations=21 (full 0):
 garbage-first heap   total reserved 1898496K, committed 60416K, used 34106K [0x000000008c200000, 0x0000000100000000)
  region size 1024K, 2 young (2048K), 2 survivors (2048K)
 Metaspace       used 74399K, committed 75072K, reserved 1114112K
  class space    used 10419K, committed 10752K, reserved 1048576K
}
Event: 207.205 GC heap before
{Heap before GC invocations=22 (full 0):
 garbage-first heap   total reserved 1898496K, committed 60416K, used 52538K [0x000000008c200000, 0x0000000100000000)
  region size 1024K, 21 young (21504K), 2 survivors (2048K)
 Metaspace       used 78389K, committed 79104K, reserved 1179648K
  class space    used 10880K, committed 11200K, reserved 1048576K
}
Event: 207.209 GC heap after
{Heap after GC invocations=23 (full 0):
 garbage-first heap   total reserved 1898496K, committed 60416K, used 36259K [0x000000008c200000, 0x0000000100000000)
  region size 1024K, 3 young (3072K), 3 survivors (3072K)
 Metaspace       used 78389K, committed 79104K, reserved 1179648K
  class space    used 10880K, committed 11200K, reserved 1048576K
}

